New rover created - bob
Rover turned left - bob
Rover turned right - bob
Rover turned moved - bob
Rover turned left - bob
Rover turned right - bob
Rover turned moved - bob
Rover turned moved - bob
New rover created - bob
New rover created - jan
Rover moved - jan
Rover moved - jan
Rover turned left - jan
New rover created - null
Rover turned left - null
Rover moved - null
Rover turned left - null
Rover moved - null
Rover turned left - null
Rover moved - null
Rover turned left - null
Rover moved - null
Rover moved - null
New rover created - null
Rover moved - null
Rover moved - null
Rover turned right - null
Rover moved - null
Rover moved - null
Rover turned right - null
Rover moved - null
Rover turned right - null
Rover turned right - null
Rover moved - null
New rover created - null
Rover turned left - null
Rover moved - null
Rover turned left - null
Rover moved - null
Rover turned left - null
Rover moved - null
Rover turned left - null
Rover moved - null
Rover moved - null
New rover created - null
Rover moved - null
Rover moved - null
Rover turned right - null
Rover moved - null
Rover moved - null
Rover turned right - null
Rover moved - null
Rover turned right - null
Rover turned right - null
Rover moved - null
New rover created - null
Rover turned left - null
Rover moved - null
Rover turned left - null
Rover moved - null
Rover turned left - null
Rover moved - null
Rover turned left - null
Rover moved - null
Rover moved - null
New rover created - null
Rover moved - null
Rover moved - null
Rover turned right - null
Rover moved - null
Rover moved - null
Rover turned right - null
Rover moved - null
Rover turned right - null
Rover turned right - null
Rover moved - null
New rover created - bob
Rover moved - bob
New rover created - jan
New rover created - bob
Rover moved - bob
New rover created - jan
New rover created - bob
New rover created - bob
Rover moved - bob
New rover created - jan
New rover created - bob
Rover moved - bob
New rover created - jan
New rover created - bob
New rover created - jan
Rover moved - bob
Rover moved - jan
Rover moved - jan
Rover moved - jan
Rover moved - jan
